
> frontend@0.1.0 dev
> next dev

▲ Next.js 16.2.3 (Turbopack)
- Local:         http://localhost:3000
- Network:       http://192.168.1.11:3000
✓ Ready in 194ms

 GET / 200 in 1942ms (next.js: 1865ms, application-code: 77ms)
 GET / 200 in 31ms (next.js: 4ms, application-code: 27ms)
✓ Compiled in 34ms
 GET / 200 in 73ms (next.js: 7ms, application-code: 66ms)
 GET / 200 in 33ms (next.js: 5ms, application-code: 28ms)
 GET / 200 in 36ms (next.js: 5ms, application-code: 32ms)
 GET / 200 in 28ms (next.js: 3ms, application-code: 25ms)
 GET / 200 in 28ms (next.js: 4ms, application-code: 23ms)
 GET / 200 in 21ms (next.js: 4ms, application-code: 17ms)
 GET / 200 in 27ms (next.js: 3ms, application-code: 23ms)
 GET / 200 in 32ms (next.js: 4ms, application-code: 28ms)
 GET / 200 in 77ms (next.js: 44ms, application-code: 32ms)
 GET / 200 in 32ms (next.js: 1514µs, application-code: 30ms)
 GET / 200 in 19ms (next.js: 1444µs, application-code: 17ms)
 GET / 200 in 21ms (next.js: 1226µs, application-code: 20ms)
 GET / 200 in 26ms (next.js: 1379µs, application-code: 25ms)
 GET / 200 in 26ms (next.js: 1308µs, application-code: 25ms)
 GET / 200 in 18ms (next.js: 1020µs, application-code: 17ms)
 GET / 200 in 11ms (next.js: 2ms, application-code: 9ms)
✓ Compiled in 12ms
